This is MlTeX, C Version 3.141 (C version d) (format=lplain 92.12.10)  2 DEC 1996 22:58
**symetr2.tex
(symetr2.tex
LaTeX Version 2.09 <25 March 1992>
(/d2/local/lib/tex/inputs/standard/article.sty
Standard Document Style `article' <14 Jan 92>.
(/d2/local/lib/tex/inputs/standard/art10.sty)
\c@part=\count82
\c@section=\count83
\c@subsection=\count84
\c@subsubsection=\count85
\c@paragraph=\count86
\c@subparagraph=\count87
\c@figure=\count88
\c@table=\count89
) (symetr2.aux) [1

] (symetr2.aux) ) 
Here is how much of TeX's memory you used:
 161 strings out of 11850
 1598 string characters out of 86328
 29616 words of memory out of 262141
 2201 multiletter control sequences out of 9500
 18996 words of font info for 72 fonts, out of 100000 for 255
 31 hyphenation exceptions out of 607
 12i,9n,15p,137b,85s stack positions out of 300i,40n,60p,3000b,4000s

Output written on symetr2.dvi (1 page, 2740 bytes).
